Resource Usage Report for kyber_mont 

Mapping to part: mpfs250tfcg1152std
Cell usage:
CLKINT          1 use
CFG1           12 uses
CFG2           1 use
CFG3           3 uses
CFG4           5 uses

Carry cells:
ARI1            87 uses - used for arithmetic functions


Sequential Cells: 
SLE            41 uses

DSP Blocks:    1 of 784 (0%)
 MACC_PA:         1 Mult

I/O ports: 37
I/O primitives: 37
INBUF          25 uses
OUTBUF         12 uses


Global Clock Buffers: 1

Total LUTs:    108

Extra resources required for RAM and MACC_PA interface logic during P&R:

RAM64X12 Interface Logic : SLEs = 0; LUTs = 0;
RAM1K20  Interface Logic : SLEs = 0; LUTs = 0;
MACC_PA     Interface Logic : SLEs = 36; LUTs = 36;
MACC_PA_BC_ROM     Interface Logic : SLEs = 0; LUTs = 0;

Total number of SLEs after P&R:  41 + 0 + 0 + 36 = 77;
Total number of LUTs after P&R:  108 + 0 + 0 + 36 = 144;

