Compile Report
Microchip Technology Inc. - Microchip Libero Software Release v2022.2 (Version 2022.2.0.10)
Date: Thu Mar  2 19:08:51 2023

Device Selection
+--------------------------------------------+--------------+
| Family                                     | PolarFireSoC |
| Device                                     | MPFS250T_ES  |
| Package                                    | FCVG484      |
| Speed Grade                                | STD          |
| Core Voltage                               | 1.05V        |
| Part Range                                 | EXT          |
| Default I/O technology                     | LVCMOS 1.8V  |
| FPGA Hardware Breakpoint Auto Instantation | Off          |
+--------------------------------------------+--------------+

Source Files
+---------+-----------------------------------------------------------------------------------------------+
| Topcell | poly_ntt                                                                                      |
| Format  | Verilog                                                                                       |
| Source  | F:\RISC-V\Reference Code\icicle-kit-reference-design-master\MPFS_ICICLE\synthesis\poly_ntt.vm |
+---------+-----------------------------------------------------------------------------------------------+

Options
+----------------------------------------------------+----+
| Limit the number of high fanout nets to display to | 10 |
+----------------------------------------------------+----+

Resource Usage
+---------------------------+------+--------+------------+
| Type                      | Used | Total  | Percentage |
+---------------------------+------+--------+------------+
| 4LUT                      | 216  | 254196 | 0.08       |
| DFF                       | 124  | 254196 | 0.05       |
| I/O Register              | 0    | 432    | 0.00       |
| User I/O                  | 68   | 144    | 47.22      |
| -- Single-ended I/O       | 68   | 144    | 47.22      |
| -- Differential I/O Pairs | 0    | 72     | 0.00       |
| uSRAM                     | 10   | 2352   | 0.43       |
| LSRAM                     | 0    | 812    | 0.00       |
| Math                      | 0    | 784    | 0.00       |
| H-Chip Global             | 1    | 48     | 2.08       |
| PLL                       | 0    | 8      | 0.00       |
| DLL                       | 0    | 8      | 0.00       |
| Transceiver Lanes         | 0    | 4      | 0.00       |
| Transceiver PCIe          | 0    | 2      | 0.00       |
| MSS                       | 0    | 1      | 0.00       |
+---------------------------+------+--------+------------+

Detailed Logic Resource Usage
+-----------------------+------+-----+
| Type                  | 4LUT | DFF |
+-----------------------+------+-----+
| Fabric Logic          | 96   | 4   |
| uSRAM Interface Logic | 120  | 120 |
| LSRAM Interface Logic | 0    | 0   |
| Math Interface Logic  | 0    | 0   |
| Total Used            | 216  | 124 |
+-----------------------+------+-----+

I/O Function
+-------------------------------+--------------+-------------+-----------------+
| Type                          | w/o register | w/ register | w/ DDR register |
+-------------------------------+--------------+-------------+-----------------+
| Input I/O                     | 33           | 0           | 0               |
| Output I/O                    | 35           | 0           | 0               |
| Bidirectional I/O             | 0            | 0           | 0               |
| Differential Input I/O Pairs  | 0            | 0           | 0               |
| Differential Output I/O Pairs | 0            | 0           | 0               |
+-------------------------------+--------------+-------------+-----------------+

Nets assigned to chip global resources
+--------+---------+---------------------+
| Fanout | Type    | Name                |
+--------+---------+---------------------+
| 86     | INT_NET | Net   : NN_1        |
|        |         | Driver: I_1/U0_RGB1 |
|        |         | Source: NETLIST     |
+--------+---------+---------------------+

Nets assigned to row global resources
+--------+------+------+
| Fanout | Type | Name |
+--------+------+------+
+--------+------+------+

High fanout nets
+--------+---------+----------------------------------------------------------------------------------------------------------------+
| Fanout | Type    | Name                                                                                                           |
+--------+---------+----------------------------------------------------------------------------------------------------------------+
| 46     | INT_NET | Net   : poly_ram_0_mux2_u012                                                                                   |
|        |         | Driver: poly_ram_0/mux2/sel_a_1_tmp[0]                                                                         |
| 24     | INT_NET | Net   : psel_c                                                                                                 |
|        |         | Driver: psel_ibuf                                                                                              |
| 16     | INT_NET | Net   : paddr_c[5]                                                                                             |
|        |         | Driver: paddr_ibuf[5]                                                                                          |
| 16     | INT_NET | Net   : paddr_c[4]                                                                                             |
|        |         | Driver: paddr_ibuf[4]                                                                                          |
| 16     | INT_NET | Net   : paddr_c[3]                                                                                             |
|        |         | Driver: paddr_ibuf[3]                                                                                          |
| 16     | INT_NET | Net   : paddr_c[2]                                                                                             |
|        |         | Driver: paddr_ibuf[2]                                                                                          |
| 16     | INT_NET | Net   : paddr_c[1]                                                                                             |
|        |         | Driver: paddr_ibuf[1]                                                                                          |
| 16     | INT_NET | Net   : paddr_c[0]                                                                                             |
|        |         | Driver: paddr_ibuf[0]                                                                                          |
| 8      | INT_NET | Net   : pwrite_c                                                                                               |
|        |         | Driver: pwrite_ibuf                                                                                            |
| 6      | INT_NET | Net   : poly_ram_0/delay_8/VCC1                                                                                |
|        |         | Driver: poly_ram_0/delay_8/gen_delay[7].level_buf_seqshift_gen_delay[7].level_buf_seqshift_0_0/RAM64x12_PHYS_0 |
+--------+---------+----------------------------------------------------------------------------------------------------------------+

High fanout nets (through buffer trees)
+--------+---------+----------------------------------------------------------------------------------------------------------------+
| Fanout | Type    | Name                                                                                                           |
+--------+---------+----------------------------------------------------------------------------------------------------------------+
| 46     | INT_NET | Net   : poly_ram_0_mux2_u012                                                                                   |
|        |         | Driver: poly_ram_0/mux2/sel_a_1_tmp[0]                                                                         |
| 24     | INT_NET | Net   : psel_c                                                                                                 |
|        |         | Driver: psel_ibuf                                                                                              |
| 16     | INT_NET | Net   : paddr_c[5]                                                                                             |
|        |         | Driver: paddr_ibuf[5]                                                                                          |
| 16     | INT_NET | Net   : paddr_c[4]                                                                                             |
|        |         | Driver: paddr_ibuf[4]                                                                                          |
| 16     | INT_NET | Net   : paddr_c[3]                                                                                             |
|        |         | Driver: paddr_ibuf[3]                                                                                          |
| 16     | INT_NET | Net   : paddr_c[2]                                                                                             |
|        |         | Driver: paddr_ibuf[2]                                                                                          |
| 16     | INT_NET | Net   : paddr_c[1]                                                                                             |
|        |         | Driver: paddr_ibuf[1]                                                                                          |
| 16     | INT_NET | Net   : paddr_c[0]                                                                                             |
|        |         | Driver: paddr_ibuf[0]                                                                                          |
| 8      | INT_NET | Net   : pwrite_c                                                                                               |
|        |         | Driver: pwrite_ibuf                                                                                            |
| 6      | INT_NET | Net   : poly_ram_0/delay_8/VCC1                                                                                |
|        |         | Driver: poly_ram_0/delay_8/gen_delay[7].level_buf_seqshift_gen_delay[7].level_buf_seqshift_0_0/RAM64x12_PHYS_0 |
+--------+---------+----------------------------------------------------------------------------------------------------------------+

