
                             Identify (R) Debugger 

                Version S-2021.09M-SP1 for win64 - Jun 14, 2022 

                    Copyright (c) 1988 - 2022 Synopsys, Inc.
   This software and the associated documentation are proprietary to Synopsys,
 Inc. This software may only be used in accordance with the terms and conditions
 of a written license agreement with Synopsys, Inc. All other use, reproduction,
   or distribution of this software is strictly prohibited.  Licensed Products
     communicate with Synopsys servers for the purpose of providing software
    updates, detecting software piracy and verifying that customers are using
    Licensed Products in conformity with the applicable License Key for such
  Licensed Products. Synopsys will use information gathered in connection with
    this process to deliver software updates and pursue software pirates and
                                   infringers.

 Inclusivity & Diversity - Visit SolvNetPlus to read the "Synopsys Statement on
            Inclusivity and Diversity" (Refer to article 000036315 at
                        https://solvnetplus.synopsys.com)

Starting:    D:\Microchip\Libero_SoC_v2022.2\Identify\bin64\mbin\identify_debugger.exe
Install:     D:\Microchip\Libero_SoC_v2022.2\Identify
Hostname:    DESKTOP-DD7N7QM
Date:        Thu Jul 13 16:33:29 2023
Version:     S-2021.09M-SP1

Arguments:   -product identify_debugger MPFS_ICICLE_KIT_BASE_DESIGN_syn.prj
ProductType: identify_debugger

License checkout: identdebugger_actel
License: identdebugger_actel node-locked 
Licensed Vendor: actel
License Option: actel_oem



Warning: Project 'F:\MPFS_Projects\MPFS_ICICLE\synthesis\MPFS_ICICLE_KIT_BASE_DESIGN_syn.prj' has no debug implementation
Note: The debugger obtained its own license
