Compile Report
Microchip Technology Inc. - Microchip Libero Software Release v2022.2 (Version 2022.2.0.10)
Date: Sat Jan  6 16:18:00 2024

Device Selection
+--------------------------------------------+--------------+
| Family                                     | PolarFireSoC |
| Device                                     | MPFS250T_ES  |
| Package                                    | FCVG484      |
| Speed Grade                                | STD          |
| Core Voltage                               | 1.05V        |
| Part Range                                 | EXT          |
| Default I/O technology                     | LVCMOS 1.8V  |
| FPGA Hardware Breakpoint Auto Instantation | Off          |
+--------------------------------------------+--------------+

Source Files
+---------+--------------------------------------------------------------------+
| Topcell | MPFS_ICICLE_KIT_BASE_DESIGN                                        |
| Format  | Verilog                                                            |
| Source  | E:\MPFS_Projects\Kyber_HW\synthesis\MPFS_ICICLE_KIT_BASE_DESIGN.vm |
+---------+--------------------------------------------------------------------+

Options
+----------------------------------------------------+----+
| Limit the number of high fanout nets to display to | 10 |
+----------------------------------------------------+----+

Resource Usage
+---------------------------+------+--------+------------+
| Type                      | Used | Total  | Percentage |
+---------------------------+------+--------+------------+
| 4LUT                      | 9134 | 254196 | 3.59       |
| DFF                       | 3926 | 254196 | 1.54       |
| I/O Register              | 0    | 432    | 0.00       |
| User I/O                  | 55   | 144    | 38.19      |
| -- Single-ended I/O       | 55   | 144    | 38.19      |
| -- Differential I/O Pairs | 0    | 72     | 0.00       |
| uSRAM                     | 45   | 2352   | 1.91       |
| LSRAM                     | 0    | 812    | 0.00       |
| Math                      | 4    | 784    | 0.51       |
| H-Chip Global             | 6    | 48     | 12.50      |
| PLL                       | 1    | 8      | 12.50      |
| DLL                       | 0    | 8      | 0.00       |
| CRN_INT                   | 1    | 24     | 4.17       |
| INIT                      | 1    | 1      | 100.00     |
| Transceiver Lanes         | 0    | 4      | 0.00       |
| Transceiver PCIe          | 0    | 2      | 0.00       |
| ICB_CLKINT                | 4    | 72     | 5.56       |
| MSS                       | 1    | 1      | 100.00     |
| MSS I/O                   | 103  | 136    | 75.74      |
+---------------------------+------+--------+------------+

Detailed Logic Resource Usage
+-----------------------+------+------+
| Type                  | 4LUT | DFF  |
+-----------------------+------+------+
| Fabric Logic          | 8450 | 3242 |
| uSRAM Interface Logic | 540  | 540  |
| LSRAM Interface Logic | 0    | 0    |
| Math Interface Logic  | 144  | 144  |
| Total Used            | 9134 | 3926 |
+-----------------------+------+------+

Detailed Carry Chains Resource Usage
+--------+------+
| Length | Used |
| 6      | 6    |
| 7      | 8    |
| 8      | 8    |
| 9      | 4    |
| 10     | 1    |
| 11     | 2    |
| 12     | 19   |
| 13     | 26   |
| 14     | 9    |
| 16     | 1    |
| 30     | 2    |
| 31     | 2    |
| 32     | 2    |
| Total  | 90   |
+--------+------+

Detailed 4LUT Groups Resource Usage
+--------+------+
| Length | Used |
| 2      | 320  |
| Total  | 320  |
+--------+------+

Detailed Math Chains Resource Usage
+--------+------+
| Length | Used |
| 1      | 4    |
| Total  | 4    |
+--------+------+

I/O Function
+-------------------------------+--------------+-------------+-----------------+
| Type                          | w/o register | w/ register | w/ DDR register |
+-------------------------------+--------------+-------------+-----------------+
| Input I/O                     | 12           | 0           | 0               |
| Output I/O                    | 22           | 0           | 0               |
| Bidirectional I/O             | 21           | 0           | 0               |
| Differential Input I/O Pairs  | 0            | 0           | 0               |
| Differential Output I/O Pairs | 0            | 0           | 0               |
+-------------------------------+--------------+-------------+-----------------+

Nets assigned to chip global resources
+--------+---------+------------------------------------------------------------------------------------------------------------+
| Fanout | Type    | Name                                                                                                       |
+--------+---------+------------------------------------------------------------------------------------------------------------+
| 3428   | INT_NET | Net   : CLOCKS_AND_RESETS_FIC_0_CLK                                                                        |
|        |         | Driver: CLOCKS_AND_RESETS_inst_0/CCC_FIC_x_CLK/PF_CCC_C0_0/clkint_0/U0_RGB1                                |
|        |         | Source: NETLIST                                                                                            |
| 1931   | INT_NET | Net   : FIC_0_PERIPHERALS_1/FIC0_INITIATOR_inst_0/FIC0_INITIATOR_0/sysReset_arst                           |
|        |         | Driver: FIC_0_PERIPHERALS_1/FIC0_INITIATOR_inst_0/FIC0_INITIATOR_0/arst_aclk_sync/sysReset_RNISJ65/U0_RGB1 |
|        |         | Source: NETLIST                                                                                            |
| 1      | INT_NET | Net   : CLOCKS_AND_RESETS_inst_0/CLKINT_REF_CLK_50MHz_Y                                                    |
|        |         | Driver: CLOCKS_AND_RESETS_inst_0/CLKINT_REF_CLK_50MHz/U0_RGB1                                              |
|        |         | Source: NETLIST                                                                                            |
| 1      | INT_NET | Net   : CLOCKS_AND_RESETS_FIC_3_CLK                                                                        |
|        |         | Driver: CLOCKS_AND_RESETS_inst_0/CCC_FIC_x_CLK/PF_CCC_C0_0/clkint_12/U0_RGB1                               |
|        |         | Source: NETLIST                                                                                            |
| 1      | INT_NET | Net   : CLOCKS_AND_RESETS_FIC_1_CLK                                                                        |
|        |         | Driver: CLOCKS_AND_RESETS_inst_0/CCC_FIC_x_CLK/PF_CCC_C0_0/clkint_4/U0_RGB1                                |
|        |         | Source: NETLIST                                                                                            |
| 1      | INT_NET | Net   : CLOCKS_AND_RESETS_FIC_2_CLK                                                                        |
|        |         | Driver: CLOCKS_AND_RESETS_inst_0/CCC_FIC_x_CLK/PF_CCC_C0_0/clkint_8/U0_RGB1                                |
|        |         | Source: NETLIST                                                                                            |
+--------+---------+------------------------------------------------------------------------------------------------------------+

Nets assigned to row global resources
+--------+------+------+
| Fanout | Type | Name |
+--------+------+------+
+--------+------+------+

High fanout nets
+--------+---------+-------------------------------------------------------------------------------------+
| Fanout | Type    | Name                                                                                |
+--------+---------+-------------------------------------------------------------------------------------+
| 961    | INT_NET | Net   : CLOCKS_AND_RESETS_RESETN_FIC_0_CLK                                          |
|        |         | Driver: CLOCKS_AND_RESETS_inst_0/RESET_FIC_0_CLK/CORERESET_0/dff_15                 |
| 486    | INT_NET | Net   : FIC_0_PERIPHERALS_1/Core_Poly_0/un1_CS_1[0]                                 |
|        |         | Driver: FIC_0_PERIPHERALS_1/Core_Poly_0/pm_a0_10_sn.un1_CS_1[0]                     |
| 310    | INT_NET | Net   : FIC_0_PERIPHERALS_1/Core_Poly_0/poly_mul_0/t013                             |
|        |         | Driver: FIC_0_PERIPHERALS_1/Core_Poly_0/poly_mul_0/tf1_ROM_0/Q_2_23_0_.t013         |
| 246    | INT_NET | Net   : FIC_0_PERIPHERALS_1/Core_Poly_0/N_165_i                                     |
|        |         | Driver: FIC_0_PERIPHERALS_1/Core_Poly_0/address_generator_0/N_165_i                 |
| 240    | INT_NET | Net   : FIC_0_PERIPHERALS_1/Core_Poly_0/poly_mul_0/un1_sel_6_or                     |
|        |         | Driver: FIC_0_PERIPHERALS_1/Core_Poly_0/poly_mul_0/tf1_ROM_0/Q_2_23_0_.un1_sel_6_or |
| 236    | INT_NET | Net   : FIC_0_PERIPHERALS_1/Core_Poly_0/pm_sel[0]                                   |
|        |         | Driver: FIC_0_PERIPHERALS_1/Core_Poly_0/pm_a0_10_sn.pm_sel_iv[0]                    |
| 233    | INT_NET | Net   : FIC_0_PERIPHERALS_1/Core_Poly_0/CS_Z[7]                                     |
|        |         | Driver: FIC_0_PERIPHERALS_1/Core_Poly_0/CS[7]                                       |
| 168    | INT_NET | Net   : FIC_0_PERIPHERALS_1/Core_Poly_0/CS_Z[2]                                     |
|        |         | Driver: FIC_0_PERIPHERALS_1/Core_Poly_0/CS[2]                                       |
| 168    | INT_NET | Net   : FIC_0_PERIPHERALS_1/Core_Poly_0/poly_mul_0/t8_1_sqmuxa                      |
|        |         | Driver: FIC_0_PERIPHERALS_1/Core_Poly_0/poly_mul_0/t1_8_a0_0_0_rep2                 |
| 148    | INT_NET | Net   : FIC_0_PERIPHERALS_1/Core_Poly_0/N_172_i                                     |
|        |         | Driver: FIC_0_PERIPHERALS_1/Core_Poly_0/poly_mul_0/un1_CS_16_i_a2                   |
+--------+---------+-------------------------------------------------------------------------------------+

High fanout nets (through buffer trees)
+--------+---------+-------------------------------------------------------------------------------------+
| Fanout | Type    | Name                                                                                |
+--------+---------+-------------------------------------------------------------------------------------+
| 961    | INT_NET | Net   : CLOCKS_AND_RESETS_RESETN_FIC_0_CLK                                          |
|        |         | Driver: CLOCKS_AND_RESETS_inst_0/RESET_FIC_0_CLK/CORERESET_0/dff_15                 |
| 486    | INT_NET | Net   : FIC_0_PERIPHERALS_1/Core_Poly_0/un1_CS_1[0]                                 |
|        |         | Driver: FIC_0_PERIPHERALS_1/Core_Poly_0/pm_a0_10_sn.un1_CS_1[0]                     |
| 310    | INT_NET | Net   : FIC_0_PERIPHERALS_1/Core_Poly_0/poly_mul_0/t013                             |
|        |         | Driver: FIC_0_PERIPHERALS_1/Core_Poly_0/poly_mul_0/tf1_ROM_0/Q_2_23_0_.t013         |
| 246    | INT_NET | Net   : FIC_0_PERIPHERALS_1/Core_Poly_0/N_165_i                                     |
|        |         | Driver: FIC_0_PERIPHERALS_1/Core_Poly_0/address_generator_0/N_165_i                 |
| 240    | INT_NET | Net   : FIC_0_PERIPHERALS_1/Core_Poly_0/poly_mul_0/un1_sel_6_or                     |
|        |         | Driver: FIC_0_PERIPHERALS_1/Core_Poly_0/poly_mul_0/tf1_ROM_0/Q_2_23_0_.un1_sel_6_or |
| 236    | INT_NET | Net   : FIC_0_PERIPHERALS_1/Core_Poly_0/pm_sel[0]                                   |
|        |         | Driver: FIC_0_PERIPHERALS_1/Core_Poly_0/pm_a0_10_sn.pm_sel_iv[0]                    |
| 233    | INT_NET | Net   : FIC_0_PERIPHERALS_1/Core_Poly_0/CS_Z[7]                                     |
|        |         | Driver: FIC_0_PERIPHERALS_1/Core_Poly_0/CS[7]                                       |
| 168    | INT_NET | Net   : FIC_0_PERIPHERALS_1/Core_Poly_0/CS_Z[2]                                     |
|        |         | Driver: FIC_0_PERIPHERALS_1/Core_Poly_0/CS[2]                                       |
| 168    | INT_NET | Net   : FIC_0_PERIPHERALS_1/Core_Poly_0/poly_mul_0/t8_1_sqmuxa                      |
|        |         | Driver: FIC_0_PERIPHERALS_1/Core_Poly_0/poly_mul_0/t1_8_a0_0_0_rep2                 |
| 148    | INT_NET | Net   : FIC_0_PERIPHERALS_1/Core_Poly_0/N_172_i                                     |
|        |         | Driver: FIC_0_PERIPHERALS_1/Core_Poly_0/poly_mul_0/un1_CS_16_i_a2                   |
+--------+---------+-------------------------------------------------------------------------------------+

