Compile Report
Microchip Technology Inc. - Microchip Libero Software Release v2022.2 (Version 2022.2.0.10)
Date: Thu Mar  2 14:02:48 2023

Device Selection
+--------------------------------------------+--------------+
| Family                                     | PolarFireSoC |
| Device                                     | MPFS250T_ES  |
| Package                                    | FCVG484      |
| Speed Grade                                | STD          |
| Core Voltage                               | 1.05V        |
| Part Range                                 | EXT          |
| Default I/O technology                     | LVCMOS 1.8V  |
| FPGA Hardware Breakpoint Auto Instantation | Off          |
+--------------------------------------------+--------------+

Source Files
+---------+------------------------------------------------------------------------------------------------+
| Topcell | poly_bank                                                                                      |
| Format  | Verilog                                                                                        |
| Source  | F:\RISC-V\Reference Code\icicle-kit-reference-design-master\MPFS_ICICLE\synthesis\poly_bank.vm |
+---------+------------------------------------------------------------------------------------------------+

Options
+----------------------------------------------------+----+
| Limit the number of high fanout nets to display to | 10 |
+----------------------------------------------------+----+

Resource Usage
+---------------------------+------+--------+------------+
| Type                      | Used | Total  | Percentage |
+---------------------------+------+--------+------------+
| 4LUT                      | 24   | 254196 | 0.01       |
| DFF                       | 24   | 254196 | 0.01       |
| I/O Register              | 0    | 432    | 0.00       |
| User I/O                  | 60   | 144    | 41.67      |
| -- Single-ended I/O       | 60   | 144    | 41.67      |
| -- Differential I/O Pairs | 0    | 72     | 0.00       |
| uSRAM                     | 2    | 2352   | 0.09       |
| LSRAM                     | 0    | 812    | 0.00       |
| Math                      | 0    | 784    | 0.00       |
| H-Chip Global             | 1    | 48     | 2.08       |
| PLL                       | 0    | 8      | 0.00       |
| DLL                       | 0    | 8      | 0.00       |
| Transceiver Lanes         | 0    | 4      | 0.00       |
| Transceiver PCIe          | 0    | 2      | 0.00       |
| MSS                       | 0    | 1      | 0.00       |
+---------------------------+------+--------+------------+

Detailed Logic Resource Usage
+-----------------------+------+-----+
| Type                  | 4LUT | DFF |
+-----------------------+------+-----+
| Fabric Logic          | 0    | 0   |
| uSRAM Interface Logic | 24   | 24  |
| LSRAM Interface Logic | 0    | 0   |
| Math Interface Logic  | 0    | 0   |
| Total Used            | 24   | 24  |
+-----------------------+------+-----+

I/O Function
+-------------------------------+--------------+-------------+-----------------+
| Type                          | w/o register | w/ register | w/ DDR register |
+-------------------------------+--------------+-------------+-----------------+
| Input I/O                     | 37           | 0           | 0               |
| Output I/O                    | 23           | 0           | 0               |
| Bidirectional I/O             | 0            | 0           | 0               |
| Differential Input I/O Pairs  | 0            | 0           | 0               |
| Differential Output I/O Pairs | 0            | 0           | 0               |
+-------------------------------+--------------+-------------+-----------------+

Nets assigned to chip global resources
+--------+---------+---------------------+
| Fanout | Type    | Name                |
+--------+---------+---------------------+
| 14     | INT_NET | Net   : NN_1        |
|        |         | Driver: I_1/U0_RGB1 |
|        |         | Source: NETLIST     |
+--------+---------+---------------------+

Nets assigned to row global resources
+--------+------+------+
| Fanout | Type | Name |
+--------+------+------+
+--------+------+------+

High fanout nets
+--------+---------+-----------------------+
| Fanout | Type    | Name                  |
+--------+---------+-----------------------+
| 2      | INT_NET | Net   : raddr_c[5]    |
|        |         | Driver: raddr_ibuf[5] |
| 2      | INT_NET | Net   : raddr_c[4]    |
|        |         | Driver: raddr_ibuf[4] |
| 2      | INT_NET | Net   : raddr_c[3]    |
|        |         | Driver: raddr_ibuf[3] |
| 2      | INT_NET | Net   : raddr_c[2]    |
|        |         | Driver: raddr_ibuf[2] |
| 2      | INT_NET | Net   : raddr_c[1]    |
|        |         | Driver: raddr_ibuf[1] |
| 2      | INT_NET | Net   : raddr_c[0]    |
|        |         | Driver: raddr_ibuf[0] |
| 2      | INT_NET | Net   : waddr_c[5]    |
|        |         | Driver: waddr_ibuf[5] |
| 2      | INT_NET | Net   : waddr_c[4]    |
|        |         | Driver: waddr_ibuf[4] |
| 2      | INT_NET | Net   : waddr_c[3]    |
|        |         | Driver: waddr_ibuf[3] |
| 2      | INT_NET | Net   : waddr_c[2]    |
|        |         | Driver: waddr_ibuf[2] |
+--------+---------+-----------------------+

High fanout nets (through buffer trees)
+--------+---------+-----------------------+
| Fanout | Type    | Name                  |
+--------+---------+-----------------------+
| 2      | INT_NET | Net   : raddr_c[5]    |
|        |         | Driver: raddr_ibuf[5] |
| 2      | INT_NET | Net   : raddr_c[4]    |
|        |         | Driver: raddr_ibuf[4] |
| 2      | INT_NET | Net   : raddr_c[3]    |
|        |         | Driver: raddr_ibuf[3] |
| 2      | INT_NET | Net   : raddr_c[2]    |
|        |         | Driver: raddr_ibuf[2] |
| 2      | INT_NET | Net   : raddr_c[1]    |
|        |         | Driver: raddr_ibuf[1] |
| 2      | INT_NET | Net   : raddr_c[0]    |
|        |         | Driver: raddr_ibuf[0] |
| 2      | INT_NET | Net   : waddr_c[5]    |
|        |         | Driver: waddr_ibuf[5] |
| 2      | INT_NET | Net   : waddr_c[4]    |
|        |         | Driver: waddr_ibuf[4] |
| 2      | INT_NET | Net   : waddr_c[3]    |
|        |         | Driver: waddr_ibuf[3] |
| 2      | INT_NET | Net   : waddr_c[2]    |
|        |         | Driver: waddr_ibuf[2] |
+--------+---------+-----------------------+

